<?xml version="1.0" encoding="UTF-8"?>
<testng-results skipped="0" failed="0" total="1" passed="1">
  <reporter-output>
  </reporter-output>
  <suite name="Default suite" duration-ms="14486" started-at="2018-02-07T03:21:21Z" finished-at="2018-02-07T03:21:36Z">
    <groups>
    </groups>
    <test name="test" duration-ms="14486" started-at="2018-02-07T03:21:21Z" finished-at="2018-02-07T03:21:36Z">
      <class name="com.baiwang.apitest.Test">
        <test-method status="PASS" signature="test()[pri:0, instance:com.baiwang.apitest.Test@482f8f11]" name="test" duration-ms="14455" started-at="2018-02-07T11:21:22Z" finished-at="2018-02-07T11:21:36Z">
          <reporter-output>
          </reporter-output>
        </test-method> <!-- test -->
      </class> <!-- com.baiwang.apitest.Test -->
    </test> <!-- test -->
  </suite> <!-- Default suite -->
</testng-results>
