<?xml version="1.0" encoding="UTF-8"?>
<testng-results skipped="0" failed="0" total="1" passed="1">
  <reporter-output>
  </reporter-output>
  <suite name="Default suite" duration-ms="9574" started-at="2018-02-05T12:23:05Z" finished-at="2018-02-05T12:23:14Z">
    <groups>
    </groups>
    <test name="Default test" duration-ms="9574" started-at="2018-02-05T12:23:05Z" finished-at="2018-02-05T12:23:14Z">
      <class name="com.baiwang.apitest.Test">
        <test-method status="PASS" signature="test()[pri:0, instance:com.baiwang.apitest.Test@675d3402]" name="test" duration-ms="9537" started-at="2018-02-05T20:23:05Z" finished-at="2018-02-05T20:23:14Z">
          <reporter-output>
          </reporter-output>
        </test-method> <!-- test -->
      </class> <!-- com.baiwang.apitest.Test -->
    </test> <!-- Default test -->
  </suite> <!-- Default suite -->
</testng-results>
